[0m15:51:54.670051 [debug] [MainThread]: Sending event: {'category': 'dbt', 'action': 'invocation', 'label': 'start', 'context': [<snowplow_tracker.self_describing_json.SelfDescribingJson object at 0x0000026E73C289D0>, <snowplow_tracker.self_describing_json.SelfDescribingJson object at 0x0000026E733D92A0>, <snowplow_tracker.self_describing_json.SelfDescribingJson object at 0x0000026E733D9060>]}


============================== 15:51:54.670051 | 4a29cce2-05a7-4e7e-a7a4-7c8f7cd934bd ==============================
[0m15:51:54.670051 [info ] [MainThread]: Running with dbt=1.5.1
[0m15:51:54.670051 [debug] [MainThread]: running dbt with arguments {'printer_width': '80', 'indirect_selection': 'eager', 'write_json': 'True', 'log_cache_events': 'False', 'partial_parse': 'True', 'cache_selected_only': 'False', 'warn_error': 'None', 'fail_fast': 'False', 'profiles_dir': 'C:\\Users\\eho.mbengue\\.dbt', 'log_path': 'logs', 'debug': 'False', 'version_check': 'True', 'use_colors': 'True', 'use_experimental_parser': 'False', 'no_print': 'None', 'quiet': 'False', 'warn_error_options': 'WarnErrorOptions(include=[], exclude=[])', 'introspect': 'True', 'static_parser': 'True', 'log_format': 'default', 'target_path': 'None', 'send_anonymous_usage_stats': 'True'}
[0m15:52:14.342755 [debug] [MainThread]: Starter project path: C:\Users\eho.mbengue\AppData\Local\anaconda3\lib\site-packages\dbt\include\starter_project
[0m16:03:17.986491 [debug] [MainThread]: Command `dbt init` succeeded at 16:03:17.986491 after 683.44 seconds
[0m16:03:17.986491 [debug] [MainThread]: Sending event: {'category': 'dbt', 'action': 'invocation', 'label': 'end', 'context': [<snowplow_tracker.self_describing_json.SelfDescribingJson object at 0x0000026E73C289D0>, <snowplow_tracker.self_describing_json.SelfDescribingJson object at 0x0000026E7674C0D0>, <snowplow_tracker.self_describing_json.SelfDescribingJson object at 0x0000026E7674C130>]}
[0m16:03:17.986491 [debug] [MainThread]: Flushing usage events
[0m16:03:32.330356 [debug] [MainThread]: Sending event: {'category': 'dbt', 'action': 'invocation', 'label': 'start', 'context': [<snowplow_tracker.self_describing_json.SelfDescribingJson object at 0x000001B7B71589D0>, <snowplow_tracker.self_describing_json.SelfDescribingJson object at 0x000001B7B690D2A0>, <snowplow_tracker.self_describing_json.SelfDescribingJson object at 0x000001B7B690D0F0>]}


============================== 16:03:32.333356 | 1153b958-16eb-4d7c-a904-a96480c028b9 ==============================
[0m16:03:32.333356 [info ] [MainThread]: Running with dbt=1.5.1
[0m16:03:32.334357 [debug] [MainThread]: running dbt with arguments {'printer_width': '80', 'indirect_selection': 'eager', 'log_cache_events': 'False', 'write_json': 'True', 'partial_parse': 'True', 'cache_selected_only': 'False', 'warn_error': 'None', 'debug': 'False', 'fail_fast': 'False', 'log_path': 'logs', 'profiles_dir': 'C:\\Users\\eho.mbengue\\.dbt', 'version_check': 'True', 'use_colors': 'True', 'use_experimental_parser': 'False', 'no_print': 'None', 'quiet': 'False', 'warn_error_options': 'WarnErrorOptions(include=[], exclude=[])', 'static_parser': 'True', 'introspect': 'True', 'log_format': 'default', 'target_path': 'None', 'send_anonymous_usage_stats': 'True'}
[0m16:07:09.486142 [debug] [MainThread]: Starter project path: C:\Users\eho.mbengue\AppData\Local\anaconda3\lib\site-packages\dbt\include\starter_project
[0m16:07:17.405396 [info ] [MainThread]: 
Your new dbt project "prefectdbt" was created!

For more information on how to configure the profiles.yml file,
please consult the dbt documentation here:

  https://docs.getdbt.com/docs/configure-your-profile

One more thing:

Need help? Don't hesitate to reach out to us via GitHub issues or on Slack:

  https://community.getdbt.com/

Happy modeling!

[0m16:07:17.405396 [debug] [MainThread]: Command `dbt init` succeeded at 16:07:17.405396 after 225.10 seconds
[0m16:07:17.405396 [debug] [MainThread]: Sending event: {'category': 'dbt', 'action': 'invocation', 'label': 'end', 'context': [<snowplow_tracker.self_describing_json.SelfDescribingJson object at 0x000001B7B71589D0>, <snowplow_tracker.self_describing_json.SelfDescribingJson object at 0x000001B7B9BBC100>, <snowplow_tracker.self_describing_json.SelfDescribingJson object at 0x000001B7B9BBC160>]}
[0m16:07:17.405396 [debug] [MainThread]: Flushing usage events
[0m17:53:03.028017 [debug] [MainThread]: Sending event: {'category': 'dbt', 'action': 'invocation', 'label': 'start', 'context': [<snowplow_tracker.self_describing_json.SelfDescribingJson object at 0x00000180A65689D0>, <snowplow_tracker.self_describing_json.SelfDescribingJson object at 0x00000180A5D1D480>, <snowplow_tracker.self_describing_json.SelfDescribingJson object at 0x00000180A5D1D2D0>]}


============================== 17:53:03.044585 | 3c1ec7f5-73c7-4cd0-b9ed-52123e758437 ==============================
[0m17:53:03.044585 [info ] [MainThread]: Running with dbt=1.5.1
[0m17:53:03.044585 [debug] [MainThread]: running dbt with arguments {'printer_width': '80', 'indirect_selection': 'eager', 'log_cache_events': 'False', 'write_json': 'True', 'partial_parse': 'True', 'cache_selected_only': 'False', 'profiles_dir': 'C:\\Users\\eho.mbengue\\.dbt', 'version_check': 'True', 'fail_fast': 'False', 'log_path': 'logs', 'debug': 'False', 'warn_error': 'None', 'use_colors': 'True', 'use_experimental_parser': 'False', 'no_print': 'None', 'quiet': 'False', 'warn_error_options': 'WarnErrorOptions(include=[], exclude=[])', 'introspect': 'True', 'static_parser': 'True', 'log_format': 'default', 'target_path': 'None', 'send_anonymous_usage_stats': 'True'}
[0m17:53:03.044585 [error] [MainThread]: Encountered an error:
Runtime Error
  No dbt_project.yml found at expected path C:\Users\eho.mbengue\OneDrive - ONEPOINT\Documents\MODERNEDATAPLATFORM\Modern Data platform dev git\repo-prefect\dbt_project.yml
  Verify that each entry within packages.yml (and their transitive dependencies) contains a file named dbt_project.yml
  
[0m17:53:03.044585 [debug] [MainThread]: Command `dbt run` failed at 17:53:03.044585 after 0.14 seconds
[0m17:53:03.044585 [debug] [MainThread]: Sending event: {'category': 'dbt', 'action': 'invocation', 'label': 'end', 'context': [<snowplow_tracker.self_describing_json.SelfDescribingJson object at 0x00000180A65689D0>, <snowplow_tracker.self_describing_json.SelfDescribingJson object at 0x00000180A5D1D120>, <snowplow_tracker.self_describing_json.SelfDescribingJson object at 0x00000180A5D1D510>]}
[0m17:53:03.044585 [debug] [MainThread]: Flushing usage events
